#
# A fatal error has been detected by the Java Runtime Environment:
#
#  SIGSEGV (0xb) at pc=0x000000011f70bcdd, pid=949, tid=0x000000000000d807
#
# JRE version: Java(TM) SE Runtime Environment (8.0_92-b14) (build 1.8.0_92-b14)
# Java VM: Java HotSpot(TM) 64-Bit Server VM (25.92-b14 mixed mode bsd-amd64 compressed oops)
# Problematic frame:
# C  [libawt_lwawt.dylib+0x1acdd]  OGLSD_SetScratchSurface+0x49
#
# Failed to write core dump. Core dumps have been disabled. To enable core dumping, try "ulimit -c unlimited" before starting Java again
#
# If you would like to submit a bug report, please visit:
#   http://bugreport.java.com/bugreport/crash.jsp
# The crash happened outside the Java Virtual Machine in native code.
# See problematic frame for where to report the bug.
#

---------------  T H R E A D  ---------------

Current thread (0x00007fda3b899800):  JavaThread "Java2D Queue Flusher" daemon [_thread_in_native, id=55303, stack(0x0000000123a98000,0x0000000123b98000)]

siginfo: si_signo: 11 (SIGSEGV), si_code: 1 (SEGV_MAPERR), si_addr: 0x0000000000000002

Registers:
RAX=0x000000011f72c2fa, RBX=0x0000000000000002, RCX=0x0000000000000047, RDX=0x000000011f72c844
RSP=0x0000000123b97680, RBP=0x0000000123b976a0, RSI=0x00007fda42d493f0, RDI=0x00007fda3b8999f8
R8 =0x0000000000001f16, R9 =0x0000000000000060, R10=0x0000000109e021f8, R11=0x0000000000000202
R12=0x0000000000000000, R13=0x000000010a5ec8f4, R14=0x00007fda3b8999f8, R15=0x00007fda3b899800
RIP=0x000000011f70bcdd, EFLAGS=0x0000000000010202, ERR=0x0000000000000004
  TRAPNO=0x000000000000000e

Top of Stack: (sp=0x0000000123b97680)
0x0000000123b97680:   00007fda42d493f0 0000000000000000
0x0000000123b97690:   00007fda3b891810 00007fda3b899800
0x0000000123b976a0:   0000000123b97720 000000011f72c322
0x0000000123b976b0:   0000000000000000 0000000000000000
0x0000000123b976c0:   0000000000000000 000000010a5ec8f4
0x0000000123b976d0:   0000000123b977f8 00007fda3b899800
0x0000000123b976e0:   0000000123b97700 00007fda3b891820
0x0000000123b976f0:   00007fda002667b8 00007fda3b8999f8
0x0000000123b97700:   00000007800e2798 0000000000000000
0x0000000123b97710:   0000000123b977f8 00007fda3b899800
0x0000000123b97720:   0000000123b97770 0000000109e0226a
0x0000000123b97730:   00000007800e2798 00007fda3b46d368
0x0000000123b97740:   0000000123b977a0 00000001081f77b0
0x0000000123b97750:   0000000000000005 00007fda3b899800
0x0000000123b97760:   00000007800e2801 00007fda3b56d760
0x0000000123b97770:   0000000123b979d0 0000000109cbea44
0x0000000123b97780:   00007fda3b899800 0000000000000118
0x0000000123b97790:   0000000123b977f8 00007fda3b899800
0x0000000123b977a0:   0000000123b977f0 0000000109c32fa8
0x0000000123b977b0:   00000007800e2820 0000000123b977f8
0x0000000123b977c0:   0000000125cdeef8 0000000174967f58
0x0000000123b977d0:   00000007800e2798 0000000000000020
0x0000000123b977e0:   0000000123b97800 0000000123b979d0
0x0000000123b977f0:   0000000123b979d0 000000010a5ec7e4
0x0000000123b97800:   0000000000000041 000000011bba3548
0x0000000123b97810:   0000000123b97858 0000000000000030
0x0000000123b97820:   0000000000000000 000000010a5eba10
0x0000000123b97830:   0000000000000004 0000000123b97858
0x0000000123b97840:   0000000123b978d0 000000010838879b
0x0000000123b97850:   0000000023b97890 0000000123b978e8
0x0000000123b97860:   000000010982b965 00000001098055d0
0x0000000123b97870:   0000000100000000 0000000123b97938 

Instructions: (pc=0x000000011f70bcdd)
0x000000011f70bcbd:   c0 e9 82 00 00 00 48 8b 5e 10 48 85 db 75 0e bf
0x000000011f70bccd:   01 00 00 00 48 8d 15 ef 76 03 00 eb d6 49 89 fe
0x000000011f70bcdd:   4c 8b 3b 30 c0 e8 83 a3 02 00 49 8b 3f 49 89 c4
0x000000011f70bced:   48 8b 35 34 f9 05 00 30 c0 e8 a7 a4 02 00 48 85 

Register to memory mapping:

RAX=0x000000011f72c2fa: Java_sun_java2d_opengl_OGLRenderQueue_flushBuffer+0x612 in /Users/Aditya/Downloads/Greenfoot 3.0.4/Greenfoot.app/Contents/JDK/Home/jre/lib/libawt_lwawt.dylib at 0x000000011f6f1000
RBX=0x0000000000000002 is an unknown value
RCX=0x0000000000000047 is an unknown value
RDX=0x000000011f72c844: Java_sun_java2d_opengl_OGLRenderQueue_flushBuffer+0xb5c in /Users/Aditya/Downloads/Greenfoot 3.0.4/Greenfoot.app/Contents/JDK/Home/jre/lib/libawt_lwawt.dylib at 0x000000011f6f1000
RSP=0x0000000123b97680 is pointing into the stack for thread: 0x00007fda3b899800
RBP=0x0000000123b976a0 is pointing into the stack for thread: 0x00007fda3b899800
RSI=0x00007fda42d493f0 is an unknown value
RDI=0x00007fda3b8999f8 is an unknown value
R8 =0x0000000000001f16 is an unknown value
R9 =0x0000000000000060 is an unknown value
R10=0x0000000109e021f8 is at entry_point+56 in (nmethod*)0x0000000109e02050
R11=0x0000000000000202 is an unknown value
R12=0x0000000000000000 is an unknown value
R13=0x000000010a5ec8f4 is at entry_point+2836 in (nmethod*)0x000000010a5eba10
R14=0x00007fda3b8999f8 is an unknown value
R15=0x00007fda3b899800 is a thread


Stack: [0x0000000123a98000,0x0000000123b98000],  sp=0x0000000123b97680,  free space=1021k
Native frames: (J=compiled Java code, j=interpreted, Vv=VM code, C=native code)
C  [libawt_lwawt.dylib+0x1acdd]  OGLSD_SetScratchSurface+0x49
C  [libawt_lwawt.dylib+0x3b322]  Java_sun_java2d_opengl_OGLRenderQueue_flushBuffer+0x63a
J 1964  sun.java2d.opengl.OGLRenderQueue.flushBuffer(JI)V (0 bytes) @ 0x0000000109e0226a [0x0000000109e021c0+0xaa]
J 5406 C1 sun.java2d.opengl.OGLRenderQueue.flushBuffer()V (41 bytes) @ 0x0000000109cbea44 [0x0000000109cbe7e0+0x264]
J 5794% C1 sun.java2d.opengl.OGLRenderQueue$QueueFlusher.run()V (234 bytes) @ 0x000000010a5ec7e4 [0x000000010a5ebde0+0xa04]
v  ~StubRoutines::call_stub
V  [libjvm.dylib+0x2ecc9a]
V  [libjvm.dylib+0x2ed428]
V  [libjvm.dylib+0x2ed5d4]
V  [libjvm.dylib+0x347dbd]
V  [libjvm.dylib+0x564c57]
V  [libjvm.dylib+0x566344]
V  [libjvm.dylib+0x485bbe]
C  [libsystem_pthread.dylib+0x405a]  _pthread_body+0x83
C  [libsystem_pthread.dylib+0x3fd7]  _pthread_body+0x0
C  [libsystem_pthread.dylib+0x13ed]  thread_start+0xd
C  0x0000000000000000

Java frames: (J=compiled Java code, j=interpreted, Vv=VM code)
J 1964  sun.java2d.opengl.OGLRenderQueue.flushBuffer(JI)V (0 bytes) @ 0x0000000109e021f8 [0x0000000109e021c0+0x38]
J 5406 C1 sun.java2d.opengl.OGLRenderQueue.flushBuffer()V (41 bytes) @ 0x0000000109cbea44 [0x0000000109cbe7e0+0x264]
J 5794% C1 sun.java2d.opengl.OGLRenderQueue$QueueFlusher.run()V (234 bytes) @ 0x000000010a5ec7e4 [0x000000010a5ebde0+0xa04]
v  ~StubRoutines::call_stub

---------------  P R O C E S S  ---------------

Java Threads: ( => current thread )
  0x00007fda489ac000 JavaThread "RMI TCP Connection(idle)" daemon [_thread_blocked, id=14691, stack(0x00000001739f4000,0x0000000173af4000)]
  0x00007fda3b939000 JavaThread "main" [_thread_blocked, id=54283, stack(0x0000000123f44000,0x0000000124044000)]
  0x00007fda3d1d4800 JavaThread "SimulationThread" [_thread_blocked, id=59139, stack(0x0000000125a80000,0x0000000125b80000)]
  0x00007fda3c9f1000 JavaThread "AWT-EventQueue-0" [_thread_blocked, id=58627, stack(0x000000012567a000,0x000000012577a000)]
  0x00007fda3d110800 JavaThread "RMI Reaper" [_thread_blocked, id=57603, stack(0x0000000125264000,0x0000000125364000)]
  0x00007fda3d194800 JavaThread "RMI TCP Accept-0" daemon [_thread_in_native, id=57351, stack(0x0000000125161000,0x0000000125261000)]
  0x00007fda3d192000 JavaThread "Java2D Disposer" daemon [_thread_blocked, id=56855, stack(0x0000000125019000,0x0000000125119000)]
=>0x00007fda3b899800 JavaThread "Java2D Queue Flusher" daemon [_thread_in_native, id=55303, stack(0x0000000123a98000,0x0000000123b98000)]
  0x00007fda3d113000 JavaThread "GC Daemon" daemon [_thread_blocked, id=53251, stack(0x0000000123da1000,0x0000000123ea1000)]
  0x00007fda3b88d000 JavaThread "RMI RenewClean-[127.0.0.1:50473]" daemon [_thread_blocked, id=52739, stack(0x0000000123c9e000,0x0000000123d9e000)]
  0x00007fda3c804800 JavaThread "RMI Scheduler(0)" daemon [_thread_blocked, id=51267, stack(0x0000000123b9b000,0x0000000123c9b000)]
  0x00007fda3c1d4000 JavaThread "DestroyJavaVM" [_thread_blocked, id=4867, stack(0x0000000108e58000,0x0000000108f58000)]
  0x00007fda3d102800 JavaThread "BlueJ worker thread" [_thread_blocked, id=51715, stack(0x0000000123995000,0x0000000123a95000)]
  0x00007fda3b820000 JavaThread "AWT-Shutdown" [_thread_blocked, id=29971, stack(0x00000001210f1000,0x00000001211f1000)]
  0x00007fda3c86f000 JavaThread "AppKit Thread" daemon [_thread_blocked, id=1811, stack(0x00007fff57656000,0x00007fff57e56000)]
  0x00007fda3b825000 JavaThread "Service Thread" daemon [_thread_blocked, id=19715, stack(0x000000011f348000,0x000000011f448000)]
  0x00007fda3c863000 JavaThread "C1 CompilerThread2" daemon [_thread_blocked, id=19203, stack(0x000000011f245000,0x000000011f345000)]
  0x00007fda3b810000 JavaThread "C2 CompilerThread1" daemon [_thread_blocked, id=18691, stack(0x000000011f142000,0x000000011f242000)]
  0x00007fda3b819000 JavaThread "C2 CompilerThread0" daemon [_thread_blocked, id=18179, stack(0x000000011f03f000,0x000000011f13f000)]
  0x00007fda3b818800 JavaThread "JDWP Command Reader" daemon [_thread_in_native, id=17667, stack(0x000000011ef3c000,0x000000011f03c000)]
  0x00007fda3d015000 JavaThread "JDWP Event Helper Thread" daemon [_thread_blocked, id=17155, stack(0x000000011ee39000,0x000000011ef39000)]
  0x00007fda3d01b000 JavaThread "JDWP Transport Listener: dt_socket" daemon [_thread_blocked, id=16643, stack(0x000000011ed36000,0x000000011ee36000)]
  0x00007fda3c861800 JavaThread "Signal Dispatcher" daemon [_thread_blocked, id=12567, stack(0x000000011ec2c000,0x000000011ed2c000)]
  0x00007fda3c01a000 JavaThread "Finalizer" daemon [_thread_blocked, id=11523, stack(0x000000011d20c000,0x000000011d30c000)]
  0x00007fda3c000800 JavaThread "Reference Handler" daemon [_thread_blocked, id=11011, stack(0x000000011d109000,0x000000011d209000)]

Other Threads:
  0x00007fda3c847000 VMThread [stack: 0x000000011d006000,0x000000011d106000] [id=10499]
  0x00007fda3c01c000 WatcherThread [stack: 0x000000011f44b000,0x000000011f54b000] [id=20227]

VM state:not at safepoint (normal execution)

VM Mutex/Monitor currently owned by a thread: None

Heap:
 PSYoungGen      total 2048K, used 1024K [0x00000007aab00000, 0x00000007aae00000, 0x00000007c0000000)
  eden space 1024K, 100% used [0x00000007aab00000,0x00000007aac00000,0x00000007aac00000)
  from space 1024K, 0% used [0x00000007aac00000,0x00000007aac00000,0x00000007aad00000)
  to   space 1024K, 0% used [0x00000007aad00000,0x00000007aad00000,0x00000007aae00000)
 ParOldGen       total 699392K, used 699354K [0x0000000780000000, 0x00000007aab00000, 0x00000007aab00000)
  object space 699392K, 99% used [0x0000000780000000,0x00000007aaaf6a18,0x00000007aab00000)
 Metaspace       used 20537K, capacity 21162K, committed 23680K, reserved 1069056K
  class space    used 2474K, capacity 2668K, committed 3968K, reserved 1048576K

Card table byte_map: [0x0000000118bc0000,0x0000000118dc1000] byte_map_base: 0x0000000114fc0000

Marking Bits: (ParMarkBitMap*) 0x0000000108791bd0
 Begin Bits: [0x0000000119323000, 0x000000011a323000)
 End Bits:   [0x000000011a323000, 0x000000011b323000)

Polling page: 0x0000000108f9d000

CodeCache: size=245760Kb used=15113Kb max_used=15652Kb free=230646Kb
 bounds [0x0000000109800000, 0x000000010a780000, 0x0000000118800000]
 total_blobs=4858 nmethods=4288 adapters=490
 compilation: enabled

Compilation events (10 events):
Event: 15982.046 Thread 0x00007fda3c863000 5791   !   3       java.lang.ThreadGroup::threadTerminated (63 bytes)
Event: 15982.047 Thread 0x00007fda3c863000 nmethod 5791 0x0000000109b90490 code [0x0000000109b90640, 0x0000000109b90c28]
Event: 16206.371 Thread 0x00007fda3c863000 5792       3       java.lang.ClassLoader::getSystemClassLoader (32 bytes)
Event: 16206.374 Thread 0x00007fda3c863000 nmethod 5792 0x000000010a03bed0 code [0x000000010a03c0c0, 0x000000010a03ca08]
Event: 16354.956 Thread 0x00007fda3b819000 5793       4       sun.java2d.pipe.RenderQueue::tryLock (4 bytes)
Event: 16354.967 Thread 0x00007fda3b819000 nmethod 5793 0x000000010a737e10 code [0x000000010a737f60, 0x000000010a7380b8]
Event: 16410.749 Thread 0x00007fda3c863000 5794 %s!   3       sun.java2d.opengl.OGLRenderQueue$QueueFlusher::run @ 2 (234 bytes)
Event: 16410.766 Thread 0x00007fda3c863000 nmethod 5794% 0x000000010a5eba10 code [0x000000010a5ebde0, 0x000000010a5ee838]
Event: 18662.226 Thread 0x00007fda3c863000 5795       1       sun.awt.NullComponentPeer::updateGraphicsData (2 bytes)
Event: 18662.332 Thread 0x00007fda3c863000 nmethod 5795 0x00000001099b7190 code [0x00000001099b72e0, 0x00000001099b73f0]

GC Heap History (10 events):
Event: 18663.160 GC heap before
{Heap before GC invocations=10023 (full 2962):
 PSYoungGen      total 2048K, used 1024K [0x00000007aab00000, 0x00000007aae00000, 0x00000007c0000000)
  eden space 1024K, 100% used [0x00000007aab00000,0x00000007aac00000,0x00000007aac00000)
  from space 1024K, 0% used [0x00000007aac00000,0x00000007aac00000,0x00000007aad00000)
  to   space 1024K, 0% used [0x00000007aad00000,0x00000007aad00000,0x00000007aae00000)
 ParOldGen       total 699392K, used 699355K [0x0000000780000000, 0x00000007aab00000, 0x00000007aab00000)
  object space 699392K, 99% used [0x0000000780000000,0x00000007aaaf6f10,0x00000007aab00000)
 Metaspace       used 20537K, capacity 21162K, committed 23680K, reserved 1069056K
  class space    used 2474K, capacity 2668K, committed 3968K, reserved 1048576K
Event: 18663.376 GC heap after
Heap after GC invocations=10023 (full 2962):
 PSYoungGen      total 2048K, used 1023K [0x00000007aab00000, 0x00000007aae00000, 0x00000007c0000000)
  eden space 1024K, 99% used [0x00000007aab00000,0x00000007aabffc10,0x00000007aac00000)
  from space 1024K, 0% used [0x00000007aac00000,0x00000007aac00000,0x00000007aad00000)
  to   space 1024K, 0% used [0x00000007aad00000,0x00000007aad00000,0x00000007aae00000)
 ParOldGen       total 699392K, used 699355K [0x0000000780000000, 0x00000007aab00000, 0x00000007aab00000)
  object space 699392K, 99% used [0x0000000780000000,0x00000007aaaf6ca0,0x00000007aab00000)
 Metaspace       used 20537K, capacity 21162K, committed 23680K, reserved 1069056K
  class space    used 2474K, capacity 2668K, committed 3968K, reserved 1048576K
}
Event: 18663.376 GC heap before
{Heap before GC invocations=10024 (full 2963):
 PSYoungGen      total 2048K, used 1024K [0x00000007aab00000, 0x00000007aae00000, 0x00000007c0000000)
  eden space 1024K, 100% used [0x00000007aab00000,0x00000007aac00000,0x00000007aac00000)
  from space 1024K, 0% used [0x00000007aac00000,0x00000007aac00000,0x00000007aad00000)
  to   space 1024K, 0% used [0x00000007aad00000,0x00000007aad00000,0x00000007aae00000)
 ParOldGen       total 699392K, used 699355K [0x0000000780000000, 0x00000007aab00000, 0x00000007aab00000)
  object space 699392K, 99% used [0x0000000780000000,0x00000007aaaf6ca0,0x00000007aab00000)
 Metaspace       used 20537K, capacity 21162K, committed 23680K, reserved 1069056K
  class space    used 2474K, capacity 2668K, committed 3968K, reserved 1048576K
Event: 18663.491 GC heap after
Heap after GC invocations=10024 (full 2963):
 PSYoungGen      total 2048K, used 1022K [0x00000007aab00000, 0x00000007aae00000, 0x00000007c0000000)
  eden space 1024K, 99% used [0x00000007aab00000,0x00000007aabffb50,0x00000007aac00000)
  from space 1024K, 0% used [0x00000007aac00000,0x00000007aac00000,0x00000007aad00000)
  to   space 1024K, 0% used [0x00000007aad00000,0x00000007aad00000,0x00000007aae00000)
 ParOldGen       total 699392K, used 699354K [0x0000000780000000, 0x00000007aab00000, 0x00000007aab00000)
  object space 699392K, 99% used [0x0000000780000000,0x00000007aaaf6a78,0x00000007aab00000)
 Metaspace       used 20537K, capacity 21162K, committed 23680K, reserved 1069056K
  class space    used 2474K, capacity 2668K, committed 3968K, reserved 1048576K
}
Event: 18663.491 GC heap before
{Heap before GC invocations=10025 (full 2964):
 PSYoungGen      total 2048K, used 1024K [0x00000007aab00000, 0x00000007aae00000, 0x00000007c0000000)
  eden space 1024K, 100% used [0x00000007aab00000,0x00000007aac00000,0x00000007aac00000)
  from space 1024K, 0% used [0x00000007aac00000,0x00000007aac00000,0x00000007aad00000)
  to   space 1024K, 0% used [0x00000007aad00000,0x00000007aad00000,0x00000007aae00000)
 ParOldGen       total 699392K, used 699354K [0x0000000780000000, 0x00000007aab00000, 0x00000007aab00000)
  object space 699392K, 99% used [0x0000000780000000,0x00000007aaaf6a78,0x00000007aab00000)
 Metaspace       used 20537K, capacity 21162K, committed 23680K, reserved 1069056K
  class space    used 2474K, capacity 2668K, committed 3968K, reserved 1048576K
Event: 18663.613 GC heap after
Heap after GC invocations=10025 (full 2964):
 PSYoungGen      total 2048K, used 1023K [0x00000007aab00000, 0x00000007aae00000, 0x00000007c0000000)
  eden space 1024K, 99% used [0x00000007aab00000,0x00000007aabffc30,0x00000007aac00000)
  from space 1024K, 0% used [0x00000007aac00000,0x00000007aac00000,0x00000007aad00000)
  to   space 1024K, 0% used [0x00000007aad00000,0x00000007aad00000,0x00000007aae00000)
 ParOldGen       total 699392K, used 699354K [0x0000000780000000, 0x00000007aab00000, 0x00000007aab00000)
  object space 699392K, 99% used [0x0000000780000000,0x00000007aaaf6a58,0x00000007aab00000)
 Metaspace       used 20537K, capacity 21162K, committed 23680K, reserved 1069056K
  class space    used 2474K, capacity 2668K, committed 3968K, reserved 1048576K
}
Event: 18663.613 GC heap before
{Heap before GC invocations=10026 (full 2965):
 PSYoungGen      total 2048K, used 1024K [0x00000007aab00000, 0x00000007aae00000, 0x00000007c0000000)
  eden space 1024K, 100% used [0x00000007aab00000,0x00000007aac00000,0x00000007aac00000)
  from space 1024K, 0% used [0x00000007aac00000,0x00000007aac00000,0x00000007aad00000)
  to   space 1024K, 0% used [0x00000007aad00000,0x00000007aad00000,0x00000007aae00000)
 ParOldGen       total 699392K, used 699354K [0x0000000780000000, 0x00000007aab00000, 0x00000007aab00000)
  object space 699392K, 99% used [0x0000000780000000,0x00000007aaaf6a58,0x00000007aab00000)
 Metaspace       used 20537K, capacity 21162K, committed 23680K, reserved 1069056K
  class space    used 2474K, capacity 2668K, committed 3968K, reserved 1048576K
Event: 18663.706 GC heap after
Heap after GC invocations=10026 (full 2965):
 PSYoungGen      total 2048K, used 1023K [0x00000007aab00000, 0x00000007aae00000, 0x00000007c0000000)
  eden space 1024K, 99% used [0x00000007aab00000,0x00000007aabffcf8,0x00000007aac00000)
  from space 1024K, 0% used [0x00000007aac00000,0x00000007aac00000,0x00000007aad00000)
  to   space 1024K, 0% used [0x00000007aad00000,0x00000007aad00000,0x00000007aae00000)
 ParOldGen       total 699392K, used 699354K [0x0000000780000000, 0x00000007aab00000, 0x00000007aab00000)
  object space 699392K, 99% used [0x0000000780000000,0x00000007aaaf6a18,0x00000007aab00000)
 Metaspace       used 20537K, capacity 21162K, committed 23680K, reserved 1069056K
  class space    used 2474K, capacity 2668K, committed 3968K, reserved 1048576K
}
Event: 18663.706 GC heap before
{Heap before GC invocations=10027 (full 2966):
 PSYoungGen      total 2048K, used 1024K [0x00000007aab00000, 0x00000007aae00000, 0x00000007c0000000)
  eden space 1024K, 100% used [0x00000007aab00000,0x00000007aac00000,0x00000007aac00000)
  from space 1024K, 0% used [0x00000007aac00000,0x00000007aac00000,0x00000007aad00000)
  to   space 1024K, 0% used [0x00000007aad00000,0x00000007aad00000,0x00000007aae00000)
 ParOldGen       total 699392K, used 699354K [0x0000000780000000, 0x00000007aab00000, 0x00000007aab00000)
  object space 699392K, 99% used [0x0000000780000000,0x00000007aaaf6a18,0x00000007aab00000)
 Metaspace       used 20537K, capacity 21162K, committed 23680K, reserved 1069056K
  class space    used 2474K, capacity 2668K, committed 3968K, reserved 1048576K
Event: 18663.797 GC heap after
Heap after GC invocations=10027 (full 2966):
 PSYoungGen      total 2048K, used 1023K [0x00000007aab00000, 0x00000007aae00000, 0x00000007c0000000)
  eden space 1024K, 99% used [0x00000007aab00000,0x00000007aabffc20,0x00000007aac00000)
  from space 1024K, 0% used [0x00000007aac00000,0x00000007aac00000,0x00000007aad00000)
  to   space 1024K, 0% used [0x00000007aad00000,0x00000007aad00000,0x00000007aae00000)
 ParOldGen       total 699392K, used 699354K [0x0000000780000000, 0x00000007aab00000, 0x00000007aab00000)
  object space 699392K, 99% used [0x0000000780000000,0x00000007aaaf6a18,0x00000007aab00000)
 Metaspace       used 20537K, capacity 21162K, committed 23680K, reserved 1069056K
  class space    used 2474K, capacity 2668K, committed 3968K, reserved 1048576K
}

Deoptimization events (10 events):
Event: 16307.224 Thread 0x00007fda3c86f000 Uncommon trap: reason=bimorphic action=maybe_recompile pc=0x0000000109a7755c method=sun.java2d.Disposer.add(Ljava/lang/Object;Lsun/java2d/DisposerRecord;)V @ 11
Event: 16307.224 Thread 0x00007fda3b899800 Uncommon trap: reason=class_check action=maybe_recompile pc=0x0000000109fcc488 method=sun.java2d.opengl.OGLSurfaceData.initSurfaceNow(II)V @ 1
Event: 16307.226 Thread 0x00007fda3c86f000 Uncommon trap: reason=class_check action=maybe_recompile pc=0x000000010a15a440 method=sun.java2d.opengl.OGLBlitLoops.IsoBlit(Lsun/java2d/SurfaceData;Lsun/java2d/SurfaceData;Ljava/awt/image/BufferedImage;Ljava/awt/image/BufferedImageOp;Ljava/awt/Composite;
Event: 16307.345 Thread 0x00007fda3c9f1000 Uncommon trap: reason=class_check action=maybe_recompile pc=0x0000000109c72e08 method=javax.swing.RepaintManager.scheduleHeavyWeightPaints()V @ 72
Event: 16308.400 Thread 0x00007fda3c86f000 Uncommon trap: reason=bimorphic action=maybe_recompile pc=0x000000010a2bc038 method=sun.java2d.Disposer.add(Ljava/lang/Object;Lsun/java2d/DisposerRecord;)V @ 11
Event: 16308.678 Thread 0x00007fda3c86f000 Uncommon trap: reason=class_check action=maybe_recompile pc=0x000000010a15a440 method=sun.java2d.opengl.OGLBlitLoops.IsoBlit(Lsun/java2d/SurfaceData;Lsun/java2d/SurfaceData;Ljava/awt/image/BufferedImage;Ljava/awt/image/BufferedImageOp;Ljava/awt/Composite;
Event: 16310.264 Thread 0x00007fda3c86f000 Uncommon trap: reason=bimorphic action=maybe_recompile pc=0x0000000109f80760 method=java.util.AbstractCollection.addAll(Ljava/util/Collection;)Z @ 3
Event: 18658.572 Thread 0x00007fda3c86f000 Uncommon trap: reason=class_check action=maybe_recompile pc=0x0000000109f55b58 method=java.util.HashMap.removeNode(ILjava/lang/Object;Ljava/lang/Object;ZZ)Ljava/util/HashMap$Node; @ 68
Event: 18659.729 Thread 0x00007fda3c86f000 Uncommon trap: reason=bimorphic action=maybe_recompile pc=0x0000000109f80760 method=java.util.AbstractCollection.addAll(Ljava/util/Collection;)Z @ 3
Event: 18662.226 Thread 0x00007fda3c86f000 Uncommon trap: reason=null_check action=make_not_entrant pc=0x0000000109fb4828 method=java.awt.geom.AffineTransform.equals(Ljava/lang/Object;)Z @ 1

Internal exceptions (10 events):
Event: 1723.206 Thread 0x00007fda3c9f1000 Exception <a 'java/lang/OutOfMemoryError'> (0x00000007800017e8) thrown at [/Users/java_re/workspace/8-2-build-macosx-x86_64/jdk8u92/6642/hotspot/src/share/vm/prims/jvm.cpp, line 1390]
Event: 1723.206 Thread 0x00007fda3c9f1000 Exception <a 'java/lang/OutOfMemoryError'> (0x00000007800017e8) thrown at [/Users/java_re/workspace/8-2-build-macosx-x86_64/jdk8u92/6642/hotspot/src/share/vm/prims/jvm.cpp, line 1390]
Event: 1723.206 Thread 0x00007fda3c9f1000 Exception <a 'java/lang/OutOfMemoryError'> (0x00000007800017e8) thrown at [/Users/java_re/workspace/8-2-build-macosx-x86_64/jdk8u92/6642/hotspot/src/share/vm/prims/jvm.cpp, line 1390]
Event: 1756.662 Thread 0x00007fda3b88d000 Exception <a 'java/lang/NoSuchMethodError': <clinit>> (0x00000007aaaf90c8) thrown at [/Users/java_re/workspace/8-2-build-macosx-x86_64/jdk8u92/6642/hotspot/src/share/vm/prims/jni.cpp, line 1613]
Event: 1759.065 Thread 0x00007fda3b88d000 Exception <a 'java/lang/NoSuchMethodError': <clinit>> (0x00000007aaafb3e8) thrown at [/Users/java_re/workspace/8-2-build-macosx-x86_64/jdk8u92/6642/hotspot/src/share/vm/prims/jni.cpp, line 1613]
Event: 16305.969 Thread 0x00007fda3c86f000 Implicit null exception at 0x0000000109f00012 to 0x0000000109f02de1
Event: 16306.735 Thread 0x00007fda3c86f000 Exception <a 'java/lang/OutOfMemoryError'> (0x00000007800017e8) thrown at [/Users/java_re/workspace/8-2-build-macosx-x86_64/jdk8u92/6642/hotspot/src/share/vm/gc_interface/collectedHeap.inline.hpp, line 159]
Event: 16462.810 Thread 0x00007fda3b88d000 Exception <a 'java/lang/NoSuchMethodError': <clinit>> (0x00000007aaaf92f8) thrown at [/Users/java_re/workspace/8-2-build-macosx-x86_64/jdk8u92/6642/hotspot/src/share/vm/prims/jni.cpp, line 1613]
Event: 16464.728 Thread 0x00007fda3b88d000 Exception <a 'java/lang/NoSuchMethodError': <clinit>> (0x00000007aaafb4a0) thrown at [/Users/java_re/workspace/8-2-build-macosx-x86_64/jdk8u92/6642/hotspot/src/share/vm/prims/jni.cpp, line 1613]
Event: 18662.226 Thread 0x00007fda3c86f000 Implicit null exception at 0x0000000109fb470c to 0x0000000109fb4819

Events (10 events):
Event: 18663.160 Executing VM operation: ParallelGCFailedAllocation
Event: 18663.376 Executing VM operation: ParallelGCFailedAllocation done
Event: 18663.376 Executing VM operation: ParallelGCFailedAllocation
Event: 18663.491 Executing VM operation: ParallelGCFailedAllocation done
Event: 18663.491 Executing VM operation: ParallelGCFailedAllocation
Event: 18663.613 Executing VM operation: ParallelGCFailedAllocation done
Event: 18663.613 Executing VM operation: ParallelGCFailedAllocation
Event: 18663.706 Executing VM operation: ParallelGCFailedAllocation done
Event: 18663.706 Executing VM operation: ParallelGCFailedAllocation
Event: 18663.797 Executing VM operation: ParallelGCFailedAllocation done


Dynamic libraries:
0x0000000008ec9000 	/System/Library/Frameworks/Cocoa.framework/Versions/A/Cocoa
0x0000000008ec9000 	/System/Library/Frameworks/Security.framework/Versions/A/Security
0x0000000008ec9000 	/System/Library/Frameworks/ApplicationServices.framework/Versions/A/ApplicationServices
0x0000000008ec9000 	/usr/lib/libz.1.dylib
0x0000000008ec9000 	/usr/lib/libSystem.B.dylib
0x0000000008ec9000 	/usr/lib/libobjc.A.dylib
0x0000000008ec9000 	/System/Library/Frameworks/CoreFoundation.framework/Versions/A/CoreFoundation
0x0000000008ec9000 	/System/Library/Frameworks/Foundation.framework/Versions/C/Foundation
0x0000000008ec9000 	/System/Library/Frameworks/AppKit.framework/Versions/C/AppKit
0x0000000008ec9000 	/System/Library/Frameworks/CoreData.framework/Versions/A/CoreData
0x0000000008ec9000 	/System/Library/PrivateFrameworks/RemoteViewServices.framework/Versions/A/RemoteViewServices
0x0000000008ec9000 	/System/Library/PrivateFrameworks/UIFoundation.framework/Versions/A/UIFoundation
0x0000000008ec9000 	/System/Library/Frameworks/IOSurface.framework/Versions/A/IOSurface
0x0000000008ec9000 	/System/Library/Frameworks/AudioToolbox.framework/Versions/A/AudioToolbox
0x0000000008ec9000 	/System/Library/Frameworks/AudioUnit.framework/Versions/A/AudioUnit
0x0000000008ec9000 	/System/Library/PrivateFrameworks/DataDetectorsCore.framework/Versions/A/DataDetectorsCore
0x0000000008ec9000 	/System/Library/PrivateFrameworks/DesktopServicesPriv.framework/Versions/A/DesktopServicesPriv
0x0000000008ec9000 	/System/Library/Frameworks/Carbon.framework/Versions/A/Frameworks/HIToolbox.framework/Versions/A/HIToolbox
0x0000000008ec9000 	/System/Library/Frameworks/QuartzCore.framework/Versions/A/QuartzCore
0x0000000008ec9000 	/System/Library/Frameworks/Carbon.framework/Versions/A/Frameworks/SpeechRecognition.framework/Versions/A/SpeechRecognition
0x0000000008ec9000 	/usr/lib/libauto.dylib
0x0000000008ec9000 	/usr/lib/libicucore.A.dylib
0x0000000008ec9000 	/usr/lib/libxml2.2.dylib
0x0000000008ec9000 	/System/Library/PrivateFrameworks/CoreUI.framework/Versions/A/CoreUI
0x0000000008ec9000 	/System/Library/Frameworks/CoreAudio.framework/Versions/A/CoreAudio
0x0000000008ec9000 	/System/Library/Frameworks/DiskArbitration.framework/Versions/A/DiskArbitration
0x0000000008ec9000 	/usr/lib/liblangid.dylib
0x0000000008ec9000 	/System/Library/PrivateFrameworks/MultitouchSupport.framework/Versions/A/MultitouchSupport
0x0000000008ec9000 	/System/Library/Frameworks/IOKit.framework/Versions/A/IOKit
0x0000000008ec9000 	/usr/lib/libDiagnosticMessagesClient.dylib
0x0000000008ec9000 	/System/Library/Frameworks/CoreServices.framework/Versions/A/CoreServices
0x0000000008ec9000 	/System/Library/PrivateFrameworks/PerformanceAnalysis.framework/Versions/A/PerformanceAnalysis
0x0000000008ec9000 	/System/Library/PrivateFrameworks/GenerationalStorage.framework/Versions/A/GenerationalStorage
0x0000000008ec9000 	/System/Library/Frameworks/OpenGL.framework/Versions/A/OpenGL
0x0000000008ec9000 	/System/Library/PrivateFrameworks/Sharing.framework/Versions/A/Sharing
0x0000000008ec9000 	/System/Library/Frameworks/CoreGraphics.framework/Versions/A/CoreGraphics
0x0000000008ec9000 	/System/Library/Frameworks/CoreText.framework/Versions/A/CoreText
0x0000000008ec9000 	/System/Library/Frameworks/ImageIO.framework/Versions/A/ImageIO
0x0000000008ec9000 	/usr/lib/libextension.dylib
0x0000000008ec9000 	/System/Library/PrivateFrameworks/Backup.framework/Versions/A/Backup
0x0000000008ec9000 	/usr/lib/libarchive.2.dylib
0x0000000008ec9000 	/System/Library/Frameworks/CFNetwork.framework/Versions/A/CFNetwork
0x0000000008ec9000 	/System/Library/Frameworks/SystemConfiguration.framework/Versions/A/SystemConfiguration
0x0000000008ec9000 	/usr/lib/libCRFSuite.dylib
0x0000000008ec9000 	/usr/lib/libc++.1.dylib
0x0000000008ec9000 	/usr/lib/libc++abi.dylib
0x0000000008ec9000 	/usr/lib/system/libcache.dylib
0x0000000008ec9000 	/usr/lib/system/libcommonCrypto.dylib
0x0000000008ec9000 	/usr/lib/system/libcompiler_rt.dylib
0x0000000008ec9000 	/usr/lib/system/libcopyfile.dylib
0x0000000008ec9000 	/usr/lib/system/libcorecrypto.dylib
0x0000000008ec9000 	/usr/lib/system/libdispatch.dylib
0x0000000008ec9000 	/usr/lib/system/libdyld.dylib
0x0000000008ec9000 	/usr/lib/system/libkeymgr.dylib
0x0000000008ec9000 	/usr/lib/system/liblaunch.dylib
0x0000000008ec9000 	/usr/lib/system/libmacho.dylib
0x0000000008ec9000 	/usr/lib/system/libquarantine.dylib
0x0000000008ec9000 	/usr/lib/system/libremovefile.dylib
0x0000000008ec9000 	/usr/lib/system/libsystem_asl.dylib
0x0000000008ec9000 	/usr/lib/system/libsystem_blocks.dylib
0x0000000008ec9000 	/usr/lib/system/libsystem_c.dylib
0x0000000008ec9000 	/usr/lib/system/libsystem_configuration.dylib
0x0000000008ec9000 	/usr/lib/system/libsystem_coreservices.dylib
0x0000000008ec9000 	/usr/lib/system/libsystem_coretls.dylib
0x0000000008ec9000 	/usr/lib/system/libsystem_dnssd.dylib
0x0000000008ec9000 	/usr/lib/system/libsystem_info.dylib
0x0000000008ec9000 	/usr/lib/system/libsystem_kernel.dylib
0x0000000008ec9000 	/usr/lib/system/libsystem_m.dylib
0x0000000008ec9000 	/usr/lib/system/libsystem_malloc.dylib
0x0000000008ec9000 	/usr/lib/system/libsystem_network.dylib
0x0000000008ec9000 	/usr/lib/system/libsystem_networkextension.dylib
0x0000000008ec9000 	/usr/lib/system/libsystem_notify.dylib
0x0000000008ec9000 	/usr/lib/system/libsystem_platform.dylib
0x0000000008ec9000 	/usr/lib/system/libsystem_pthread.dylib
0x0000000008ec9000 	/usr/lib/system/libsystem_sandbox.dylib
0x0000000008ec9000 	/usr/lib/system/libsystem_secinit.dylib
0x0000000008ec9000 	/usr/lib/system/libsystem_stats.dylib
0x0000000008ec9000 	/usr/lib/system/libsystem_trace.dylib
0x0000000008ec9000 	/usr/lib/system/libunc.dylib
0x0000000008ec9000 	/usr/lib/system/libunwind.dylib
0x0000000008ec9000 	/usr/lib/system/libxpc.dylib
0x0000000008ec9000 	/usr/lib/libbz2.1.0.dylib
0x0000000008ec9000 	/usr/lib/liblzma.5.dylib
0x0000000008ec9000 	/usr/lib/libbsm.0.dylib
0x0000000008ec9000 	/usr/lib/libsqlite3.dylib
0x0000000008ec9000 	/usr/lib/system/libkxld.dylib
0x0000000008ec9000 	/usr/lib/libxar.1.dylib
0x0000000008ec9000 	/usr/lib/libpam.2.dylib
0x0000000008ec9000 	/usr/lib/libOpenScriptingUtil.dylib
0x0000000008ec9000 	/System/Library/Frameworks/CoreServices.framework/Versions/A/Frameworks/FSEvents.framework/Versions/A/FSEvents
0x0000000008ec9000 	/System/Library/Frameworks/CoreServices.framework/Versions/A/Frameworks/CarbonCore.framework/Versions/A/CarbonCore
0x0000000008ec9000 	/System/Library/Frameworks/CoreServices.framework/Versions/A/Frameworks/Metadata.framework/Versions/A/Metadata
0x0000000008ec9000 	/System/Library/Frameworks/CoreServices.framework/Versions/A/Frameworks/OSServices.framework/Versions/A/OSServices
0x0000000008ec9000 	/System/Library/Frameworks/CoreServices.framework/Versions/A/Frameworks/SearchKit.framework/Versions/A/SearchKit
0x0000000008ec9000 	/System/Library/Frameworks/CoreServices.framework/Versions/A/Frameworks/AE.framework/Versions/A/AE
0x0000000008ec9000 	/System/Library/Frameworks/CoreServices.framework/Versions/A/Frameworks/LaunchServices.framework/Versions/A/LaunchServices
0x0000000008ec9000 	/System/Library/Frameworks/CoreServices.framework/Versions/A/Frameworks/DictionaryServices.framework/Versions/A/DictionaryServices
0x0000000008ec9000 	/System/Library/Frameworks/NetFS.framework/Versions/A/NetFS
0x0000000008ec9000 	/System/Library/PrivateFrameworks/NetAuth.framework/Versions/A/NetAuth
0x0000000008ec9000 	/System/Library/PrivateFrameworks/login.framework/Versions/A/Frameworks/loginsupport.framework/Versions/A/loginsupport
0x0000000008ec9000 	/System/Library/PrivateFrameworks/TCC.framework/Versions/A/TCC
0x0000000008ec9000 	/usr/lib/libmecabra.dylib
0x0000000008ec9000 	/System/Library/Frameworks/ApplicationServices.framework/Versions/A/Frameworks/ATS.framework/Versions/A/ATS
0x0000000008ec9000 	/System/Library/Frameworks/ApplicationServices.framework/Versions/A/Frameworks/ColorSync.framework/Versions/A/ColorSync
0x0000000008ec9000 	/System/Library/Frameworks/ApplicationServices.framework/Versions/A/Frameworks/HIServices.framework/Versions/A/HIServices
0x0000000008ec9000 	/System/Library/Frameworks/ApplicationServices.framework/Versions/A/Frameworks/LangAnalysis.framework/Versions/A/LangAnalysis
0x0000000008ec9000 	/System/Library/Frameworks/ApplicationServices.framework/Versions/A/Frameworks/PrintCore.framework/Versions/A/PrintCore
0x0000000008ec9000 	/System/Library/Frameworks/ApplicationServices.framework/Versions/A/Frameworks/QD.framework/Versions/A/QD
0x0000000008ec9000 	/System/Library/Frameworks/ApplicationServices.framework/Versions/A/Frameworks/SpeechSynthesis.framework/Versions/A/SpeechSynthesis
0x0000000008ec9000 	/System/Library/Frameworks/Accelerate.framework/Versions/A/Accelerate
0x0000000008ec9000 	/System/Library/Frameworks/Accelerate.framework/Versions/A/Frameworks/vImage.framework/Versions/A/vImage
0x0000000008ec9000 	/System/Library/Frameworks/Accelerate.framework/Versions/A/Frameworks/vecLib.framework/Versions/A/vecLib
0x0000000008ec9000 	/System/Library/Frameworks/Accelerate.framework/Versions/A/Frameworks/vecLib.framework/Versions/A/libvDSP.dylib
0x0000000008ec9000 	/System/Library/Frameworks/Accelerate.framework/Versions/A/Frameworks/vecLib.framework/Versions/A/libvMisc.dylib
0x0000000008ec9000 	/System/Library/Frameworks/Accelerate.framework/Versions/A/Frameworks/vecLib.framework/Versions/A/libLAPACK.dylib
0x0000000008ec9000 	/System/Library/Frameworks/Accelerate.framework/Versions/A/Frameworks/vecLib.framework/Versions/A/libBLAS.dylib
0x0000000008ec9000 	/System/Library/Frameworks/Accelerate.framework/Versions/A/Frameworks/vecLib.framework/Versions/A/libLinearAlgebra.dylib
0x0000000008ec9000 	/System/Library/Frameworks/ApplicationServices.framework/Versions/A/Frameworks/ATS.framework/Versions/A/Resources/libFontParser.dylib
0x0000000008ec9000 	/System/Library/Frameworks/ApplicationServices.framework/Versions/A/Frameworks/ATS.framework/Versions/A/Resources/libFontRegistry.dylib
0x0000000008ec9000 	/System/Library/PrivateFrameworks/AppleVPA.framework/Versions/A/AppleVPA
0x0000000008ec9000 	/System/Library/PrivateFrameworks/AppleJPEG.framework/Versions/A/AppleJPEG
0x0000000008ec9000 	/System/Library/Frameworks/ImageIO.framework/Versions/A/Resources/libJPEG.dylib
0x0000000008ec9000 	/System/Library/Frameworks/ImageIO.framework/Versions/A/Resources/libTIFF.dylib
0x0000000008ec9000 	/System/Library/Frameworks/ImageIO.framework/Versions/A/Resources/libPng.dylib
0x0000000008ec9000 	/System/Library/Frameworks/ImageIO.framework/Versions/A/Resources/libGIF.dylib
0x0000000008ec9000 	/System/Library/Frameworks/ImageIO.framework/Versions/A/Resources/libJP2.dylib
0x0000000008ec9000 	/System/Library/Frameworks/ImageIO.framework/Versions/A/Resources/libRadiance.dylib
0x0000000008ec9000 	/System/Library/Frameworks/CoreVideo.framework/Versions/A/CoreVideo
0x0000000008ec9000 	/System/Library/Frameworks/OpenGL.framework/Versions/A/Libraries/libGLU.dylib
0x0000000008ec9000 	/System/Library/Frameworks/OpenGL.framework/Versions/A/Libraries/libGFXShared.dylib
0x0000000008ec9000 	/System/Library/Frameworks/OpenGL.framework/Versions/A/Libraries/libGL.dylib
0x0000000008ec9000 	/System/Library/Frameworks/OpenGL.framework/Versions/A/Libraries/libGLImage.dylib
0x0000000008ec9000 	/System/Library/Frameworks/OpenGL.framework/Versions/A/Libraries/libCVMSPluginSupport.dylib
0x0000000008ec9000 	/System/Library/Frameworks/OpenGL.framework/Versions/A/Libraries/libCoreVMClient.dylib
0x0000000008ec9000 	/usr/lib/libcups.2.dylib
0x0000000008ec9000 	/System/Library/Frameworks/Kerberos.framework/Versions/A/Kerberos
0x0000000008ec9000 	/System/Library/Frameworks/GSS.framework/Versions/A/GSS
0x0000000008ec9000 	/usr/lib/libresolv.9.dylib
0x0000000008ec9000 	/usr/lib/libiconv.2.dylib
0x0000000008ec9000 	/System/Library/PrivateFrameworks/Heimdal.framework/Versions/A/Heimdal
0x0000000008ec9000 	/usr/lib/libheimdal-asn1.dylib
0x0000000008ec9000 	/System/Library/Frameworks/OpenDirectory.framework/Versions/A/OpenDirectory
0x0000000008ec9000 	/System/Library/PrivateFrameworks/CommonAuth.framework/Versions/A/CommonAuth
0x0000000008ec9000 	/System/Library/Frameworks/OpenDirectory.framework/Versions/A/Frameworks/CFOpenDirectory.framework/Versions/A/CFOpenDirectory
0x0000000008ec9000 	/System/Library/Frameworks/SecurityFoundation.framework/Versions/A/SecurityFoundation
0x0000000008ec9000 	/System/Library/PrivateFrameworks/LanguageModeling.framework/Versions/A/LanguageModeling
0x0000000008ec9000 	/usr/lib/libcmph.dylib
0x0000000008ec9000 	/System/Library/Frameworks/ServiceManagement.framework/Versions/A/ServiceManagement
0x0000000008ec9000 	/usr/lib/libxslt.1.dylib
0x0000000008ec9000 	/System/Library/Frameworks/Carbon.framework/Versions/A/Frameworks/Ink.framework/Versions/A/Ink
0x0000000008ec9000 	/System/Library/Frameworks/QuartzCore.framework/Versions/A/Frameworks/CoreImage.framework/Versions/A/CoreImage
0x0000000008ec9000 	/System/Library/PrivateFrameworks/CrashReporterSupport.framework/Versions/A/CrashReporterSupport
0x0000000008ec9000 	/System/Library/Frameworks/OpenCL.framework/Versions/A/OpenCL
0x0000000008ec9000 	/System/Library/PrivateFrameworks/FaceCore.framework/Versions/A/FaceCore
0x0000000008ec9000 	/System/Library/PrivateFrameworks/Ubiquity.framework/Versions/A/Ubiquity
0x0000000008ec9000 	/System/Library/PrivateFrameworks/IconServices.framework/Versions/A/IconServices
0x0000000008ec9000 	/System/Library/PrivateFrameworks/ChunkingLibrary.framework/Versions/A/ChunkingLibrary
0x0000000008ec9000 	/System/Library/PrivateFrameworks/Apple80211.framework/Versions/A/Apple80211
0x0000000008ec9000 	/System/Library/Frameworks/CoreWLAN.framework/Versions/A/CoreWLAN
0x0000000008ec9000 	/System/Library/Frameworks/IOBluetooth.framework/Versions/A/IOBluetooth
0x0000000008ec9000 	/System/Library/PrivateFrameworks/CoreWiFi.framework/Versions/A/CoreWiFi
0x0000000008ec9000 	/System/Library/Frameworks/CoreBluetooth.framework/Versions/A/CoreBluetooth
0x0000000008ec9000 	/System/Library/PrivateFrameworks/DebugSymbols.framework/Versions/A/DebugSymbols
0x0000000008ec9000 	/System/Library/PrivateFrameworks/CoreSymbolication.framework/Versions/A/CoreSymbolication
0x0000000008ec9000 	/System/Library/PrivateFrameworks/Symbolication.framework/Versions/A/Symbolication
0x0000000008ec9000 	/System/Library/PrivateFrameworks/SpeechRecognitionCore.framework/Versions/A/SpeechRecognitionCore
0x0000000107ea9000 	/Users/Aditya/Downloads/Greenfoot 3.0.4/Greenfoot.app/Contents/JDK/Home/jre/lib/server/libjvm.dylib
0x0000000008ec9000 	/usr/lib/libstdc++.6.dylib
0x0000000108f5a000 	/Users/Aditya/Downloads/Greenfoot 3.0.4/Greenfoot.app/Contents/JDK/Home/jre/lib/libverify.dylib
0x0000000108f68000 	/Users/Aditya/Downloads/Greenfoot 3.0.4/Greenfoot.app/Contents/JDK/Home/jre/lib/libjava.dylib
0x0000000108f9e000 	/Users/Aditya/Downloads/Greenfoot 3.0.4/Greenfoot.app/Contents/JDK/Home/jre/lib/libjdwp.dylib
0x0000000108fe9000 	/Users/Aditya/Downloads/Greenfoot 3.0.4/Greenfoot.app/Contents/JDK/Home/jre/lib/libnpt.dylib
0x0000000108ff6000 	/Users/Aditya/Downloads/Greenfoot 3.0.4/Greenfoot.app/Contents/JDK/Home/jre/lib/libzip.dylib
0x000000011d30e000 	/System/Library/Frameworks/JavaVM.framework/Frameworks/JavaRuntimeSupport.framework/JavaRuntimeSupport
0x000000011d324000 	/System/Library/Frameworks/JavaVM.framework/Versions/A/Frameworks/JavaNativeFoundation.framework/Versions/A/JavaNativeFoundation
0x000000011d338000 	/System/Library/Frameworks/JavaVM.framework/Versions/A/JavaVM
0x0000000008ec9000 	/System/Library/Frameworks/Carbon.framework/Versions/A/Carbon
0x000000011d344000 	/System/Library/PrivateFrameworks/JavaLaunching.framework/Versions/A/JavaLaunching
0x0000000008ec9000 	/System/Library/Frameworks/Carbon.framework/Versions/A/Frameworks/CommonPanels.framework/Versions/A/CommonPanels
0x0000000008ec9000 	/System/Library/Frameworks/Carbon.framework/Versions/A/Frameworks/Help.framework/Versions/A/Help
0x0000000008ec9000 	/System/Library/Frameworks/Carbon.framework/Versions/A/Frameworks/ImageCapture.framework/Versions/A/ImageCapture
0x0000000008ec9000 	/System/Library/Frameworks/Carbon.framework/Versions/A/Frameworks/OpenScripting.framework/Versions/A/OpenScripting
0x0000000008ec9000 	/System/Library/Frameworks/Carbon.framework/Versions/A/Frameworks/Print.framework/Versions/A/Print
0x0000000008ec9000 	/System/Library/Frameworks/Carbon.framework/Versions/A/Frameworks/SecurityHI.framework/Versions/A/SecurityHI
0x000000011ed2e000 	/Users/Aditya/Downloads/Greenfoot 3.0.4/Greenfoot.app/Contents/JDK/Home/jre/lib/libdt_socket.dylib
0x000000011f57d000 	/Users/Aditya/Downloads/Greenfoot 3.0.4/Greenfoot.app/Contents/JDK/Home/jre/lib/libawt.dylib
0x000000011f625000 	/Users/Aditya/Downloads/Greenfoot 3.0.4/Greenfoot.app/Contents/JDK/Home/jre/lib/./libmlib_image.dylib
0x000000011f6f1000 	/Users/Aditya/Downloads/Greenfoot 3.0.4/Greenfoot.app/Contents/JDK/Home/jre/lib/libawt_lwawt.dylib
0x000000011f7a6000 	/Users/Aditya/Downloads/Greenfoot 3.0.4/Greenfoot.app/Contents/JDK/Home/jre/lib/./libosxapp.dylib
0x0000000008ec9000 	/System/Library/Frameworks/ExceptionHandling.framework/Versions/A/ExceptionHandling
0x0000000008ec9000 	/System/Library/PrivateFrameworks/CoreServicesInternal.framework/Versions/A/CoreServicesInternal
0x0000000008ec9000 	/System/Library/PrivateFrameworks/CloudDocs.framework/Versions/A/CloudDocs
0x0000000008ec9000 	/System/Library/PrivateFrameworks/CoreDuet.framework/Versions/A/CoreDuet
0x0000000008ec9000 	/System/Library/Frameworks/CloudKit.framework/Versions/A/CloudKit
0x0000000008ec9000 	/System/Library/PrivateFrameworks/ProtocolBuffer.framework/Versions/A/ProtocolBuffer
0x0000000008ec9000 	/System/Library/PrivateFrameworks/CoreDuetDaemonProtocol.framework/Versions/A/CoreDuetDaemonProtocol
0x0000000008ec9000 	/System/Library/PrivateFrameworks/CoreDuetDebugLogging.framework/Versions/A/CoreDuetDebugLogging
0x0000000008ec9000 	/System/Library/PrivateFrameworks/MMCS.framework/Versions/A/MMCS
0x0000000008ec9000 	/System/Library/Frameworks/CoreLocation.framework/Versions/A/CoreLocation
0x0000000008ec9000 	/System/Library/PrivateFrameworks/ProtectedCloudStorage.framework/Versions/A/ProtectedCloudStorage
0x0000000008ec9000 	/System/Library/PrivateFrameworks/GeoServices.framework/Versions/A/GeoServices
0x0000000008ec9000 	/System/Library/Frameworks/CoreGraphics.framework/Versions/A/Resources/libCGCMS.A.dylib
0x0000000008ec9000 	/System/Library/CoreServices/RawCamera.bundle/Contents/MacOS/RawCamera
0x0000000008ec9000 	/System/Library/Frameworks/CoreGraphics.framework/Versions/A/Resources/libRIP.A.dylib
0x0000000008ec9000 	/System/Library/Frameworks/CoreGraphics.framework/Versions/A/Resources/libCGXType.A.dylib
0x0000000008ec9000 	/System/Library/Frameworks/OpenCL.framework/Versions/A/Libraries/libcldcpuengine.dylib
0x0000000008ec9000 	/System/Library/PrivateFrameworks/DiskImages.framework/Versions/A/DiskImages
0x0000000008ec9000 	/System/Library/Frameworks/DiscRecording.framework/Versions/A/DiscRecording
0x0000000008ec9000 	/usr/lib/libcsfde.dylib
0x0000000008ec9000 	/usr/lib/libcurl.4.dylib
0x0000000008ec9000 	/System/Library/PrivateFrameworks/MediaKit.framework/Versions/A/MediaKit
0x0000000008ec9000 	/usr/lib/libCoreStorage.dylib
0x0000000008ec9000 	/System/Library/PrivateFrameworks/EFILogin.framework/Versions/A/EFILogin
0x0000000008ec9000 	/usr/lib/libutil.dylib
0x0000000008ec9000 	/System/Library/PrivateFrameworks/FindMyDevice.framework/Versions/A/FindMyDevice
0x0000000008ec9000 	/System/Library/Frameworks/LDAP.framework/Versions/A/LDAP
0x0000000008ec9000 	/usr/lib/libsasl2.2.dylib
0x0000000008ec9000 	/System/Library/PrivateFrameworks/CoreDaemon.framework/Versions/B/CoreDaemon
0x0000000008ec9000 	/usr/lib/libcrypto.0.9.8.dylib
0x0000000008ec9000 	/System/Library/PrivateFrameworks/AppleSRP.framework/Versions/A/AppleSRP
0x0000000008ec9000 	/System/Library/PrivateFrameworks/TrustEvaluationAgent.framework/Versions/A/TrustEvaluationAgent
0x0000000122596000 	cl_kernels
0x0000000122598000 	/System/Library/Frameworks/OpenCL.framework/Versions/A/Libraries/ImageFormats/unorm8_bgra.dylib
0x0000000122587000 	cl_kernels
0x0000000008ec9000 	/System/Library/PrivateFrameworks/FamilyControls.framework/Versions/A/FamilyControls
0x0000000008ec9000 	/System/Library/PrivateFrameworks/CommerceKit.framework/Versions/A/Frameworks/CommerceCore.framework/Versions/A/CommerceCore
0x0000000008ec9000 	/System/Library/PrivateFrameworks/SystemAdministration.framework/Versions/A/SystemAdministration
0x0000000008ec9000 	/System/Library/PrivateFrameworks/AppContainer.framework/Versions/A/AppContainer
0x0000000008ec9000 	/System/Library/PrivateFrameworks/SecCodeWrapper.framework/Versions/A/SecCodeWrapper
0x0000000008ec9000 	/System/Library/Frameworks/DirectoryService.framework/Versions/A/DirectoryService
0x0000000008ec9000 	/System/Library/PrivateFrameworks/LoginUIKit.framework/Versions/A/Frameworks/LoginUICore.framework/Versions/A/LoginUICore
0x0000000008ec9000 	/usr/lib/libodfde.dylib
0x000000012382a000 	/Users/Aditya/Downloads/Greenfoot 3.0.4/Greenfoot.app/Contents/JDK/Home/jre/lib/libfontmanager.dylib
0x000000012391e000 	/Users/Aditya/Downloads/Greenfoot 3.0.4/Greenfoot.app/Contents/JDK/Home/jre/lib/libnet.dylib
0x0000000008ec9000 	/System/Library/Frameworks/OpenGL.framework/Versions/A/Resources/GLEngine.bundle/GLEngine
0x0000000008ec9000 	/System/Library/Frameworks/OpenGL.framework/Versions/A/Libraries/libGLProgrammability.dylib
0x00000001240a9000 	/System/Library/Extensions/AppleIntelHD5000GraphicsGLDriver.bundle/Contents/MacOS/AppleIntelHD5000GraphicsGLDriver
0x0000000008ec9000 	/System/Library/PrivateFrameworks/IOAccelerator.framework/Versions/A/IOAccelerator
0x0000000008ec9000 	/System/Library/PrivateFrameworks/GPUSupport.framework/Versions/A/Libraries/libGPUSupportMercury.dylib
0x0000000008ec9000 	/System/Library/Frameworks/OpenGL.framework/Versions/A/Resources/GLRendererFloat.bundle/GLRendererFloat
0x0000000125669000 	/Users/Aditya/Downloads/Greenfoot 3.0.4/Greenfoot.app/Contents/JDK/Home/jre/lib/libnio.dylib
0x0000000123ea3000 	/Users/Aditya/Downloads/Greenfoot 3.0.4/Greenfoot.app/Contents/JDK/Home/jre/lib/libosxui.dylib
0x0000000008ec9000 	/System/Library/Frameworks/ApplicationServices.framework/Versions/A/Frameworks/ATS.framework/Versions/A/Resources/libTrueTypeScaler.dylib
0x0000000173056000 	/Users/Aditya/Downloads/Greenfoot 3.0.4/Greenfoot.app/Contents/JDK/Home/jre/lib/libjpeg.dylib
0x0000000172f7b000 	/Users/Aditya/Downloads/Greenfoot 3.0.4/Greenfoot.app/Contents/JDK/Home/jre/lib/libdcpr.dylib
0x000000017fbf8000 	/Users/Aditya/Downloads/Greenfoot 3.0.4/Greenfoot.app/Contents/JDK/Home/jre/lib/liblcms.dylib

VM Arguments:
jvm_args: -Dawt.useSystemAAFontSettings=on -XX:MaxGCPauseMillis=50 -agentlib:jdwp=transport=dt_socket,address=127.0.0.1:50478 -Dfile.encoding=UTF-8 
java_command: bluej.runtime.ExecServer UTF-8
java_class_path (initial): /Users/Aditya/Downloads/Greenfoot 3.0.4/Greenfoot.app/Contents/Resources/Java/extensions/greenfoot.jar:/Users/Aditya/Downloads/Greenfoot 3.0.4/Greenfoot.app/Contents/Resources/Java/bluejcore.jar:/Users/Aditya/Downloads/Greenfoot 3.0.4/Greenfoot.app/Contents/Resources/Java/bluejeditor.jar:/Users/Aditya/Downloads/Greenfoot 3.0.4/Greenfoot.app/Contents/Resources/Java/bluejext.jar:/Users/Aditya/Downloads/Greenfoot 3.0.4/Greenfoot.app/Contents/Resources/Java/AppleJavaExtensions.jar:/Users/Aditya/Downloads/Greenfoot 3.0.4/Greenfoot.app/Contents/Resources/Java/junit-4.11.jar:/Users/Aditya/Downloads/Greenfoot 3.0.4/Greenfoot.app/Contents/Resources/Java/hamcrest-core-1.3.jar:/Users/Aditya/Downloads/Greenfoot 3.0.4/Greenfoot.app/Contents/Resources/Java/bluej.jar:/Users/Aditya/Downloads/Greenfoot 3.0.4/Greenfoot.app/Contents/Resources/Java/diffutils-1.2.1.jar:/Users/Aditya/Downloads/Greenfoot 3.0.4/Greenfoot.app/Contents/Resources/Java/commons-httpclient-3.1.jar:/Users/Aditya/Downloads/Greenfoot 3.0.4/Greenfoot.app/Contents/Resources/Java/commons-logging-api-1.1.2.jar:/Users/Aditya/Downloads/Greenfoot 3.0.4/Greenfoot.app/Contents/Resources/Java/commons-codec-1.3.jar:/Users/Aditya/Downloads/Greenfoot 3.0.4/Greenfoot.app/Contents/Resources/Java/jl1.0.1.jar:/Users/Aditya/Downloads/Greenfoot 3.0.4/Greenfoot.app/Contents/Resources/Java/opencsv-2.3.jar:/Users/Aditya/Downloads/Greenfoot 3.0.4/Greenfoot.app/Contents/Resources/Java/xom-1.2.9.jar:/Users/Aditya/Downloads/Greenfoot 3.0.4/Greenfoot.app/Contents/Resources/Java/guava-17.0.jar:/Users/Aditya/Downloads/Greenfoot 3.0.4/Greenfoot.app/Contents/Resources/Java/javassist-3.18.0.jar:/Users/Aditya/Downloads/Greenfoot 3.0.4/Greenfoot.app/Contents/Resources/Java/commons-vfs2-2.0.jar:/Users/Aditya/Downloads/Greenfoot 3.0.4/Greenfoot.app/Contents/Resources/Java/httpclient-4.1.1.jar:/Users/Aditya/Downloads/Greenfoot 3.0.4/Greenfoot.app/Contents/Resources/Java/httpcore-4.1.jar:/Users/Aditya/Downloads/Greenfoot 3.
Launcher Type: SUN_STANDARD

Environment Variables:
PATH=/usr/bin:/bin:/usr/sbin:/sbin
SHELL=/bin/bash

Signal Handlers:
SIGSEGV: [libjvm.dylib+0x5aa779], sa_mask[0]=11111111011111110111111111111111, sa_flags=SA_ONSTACK|SA_RESTART|SA_SIGINFO
SIGBUS: [libjvm.dylib+0x5aa779], sa_mask[0]=11111111011111110111111111111111, sa_flags=SA_RESTART|SA_SIGINFO
SIGFPE: [libjvm.dylib+0x4831d0], sa_mask[0]=11111111011111110111111111111111, sa_flags=SA_RESTART|SA_SIGINFO
SIGPIPE: [libjvm.dylib+0x4831d0], sa_mask[0]=11111111011111110111111111111111, sa_flags=SA_RESTART|SA_SIGINFO
SIGXFSZ: [libjvm.dylib+0x4831d0], sa_mask[0]=11111111011111110111111111111111, sa_flags=SA_RESTART|SA_SIGINFO
SIGILL: [libjvm.dylib+0x4831d0], sa_mask[0]=11111111011111110111111111111111, sa_flags=SA_RESTART|SA_SIGINFO
SIGUSR1: SIG_DFL, sa_mask[0]=00000000000000000000000000000000, sa_flags=none
SIGUSR2: [libjvm.dylib+0x482cee], sa_mask[0]=00100000000000000000000000000000, sa_flags=SA_RESTART|SA_SIGINFO
SIGHUP: [libjvm.dylib+0x4812c5], sa_mask[0]=11111111011111110111111111111111, sa_flags=SA_RESTART|SA_SIGINFO
SIGINT: [libjvm.dylib+0x4812c5], sa_mask[0]=11111111011111110111111111111111, sa_flags=SA_RESTART|SA_SIGINFO
SIGTERM: [libjvm.dylib+0x4812c5], sa_mask[0]=11111111011111110111111111111111, sa_flags=SA_RESTART|SA_SIGINFO
SIGQUIT: [libjvm.dylib+0x4812c5], sa_mask[0]=11111111011111110111111111111111, sa_flags=SA_RESTART|SA_SIGINFO


---------------  S Y S T E M  ---------------

OS:Bsduname:Darwin 14.5.0 Darwin Kernel Version 14.5.0: Fri Feb 17 10:33:20 PST 2017; root:xnu-2782.50.9.1.1~1/RELEASE_X86_64 x86_64
rlimit: STACK 8192k, CORE 0k, NPROC 709, NOFILE 10240, AS infinity
load average:3.54 2.28 2.12

CPU:total 4 (2 cores per cpu, 2 threads per core) family 6 model 69 stepping 1, cmov, cx8, fxsr, mmx, sse, sse2, sse3, ssse3, sse4.1, sse4.2, popcnt, avx, avx2, aes, clmul, erms, rtm, lzcnt, ht, tsc, tscinvbit, bmi1, bmi2

Memory: 4k page, physical 4194304k(23480k free)

/proc/meminfo:


vm_info: Java HotSpot(TM) 64-Bit Server VM (25.92-b14) for bsd-amd64 JRE (1.8.0_92-b14), built on Mar 31 2016 21:23:14 by "java_re" with gcc 4.2.1 (Based on Apple Inc. build 5658) (LLVM build 2336.11.00)

time: Mon Apr 10 16:32:46 2017
elapsed time: 18663 seconds (0d 5h 11m 3s)

